<?xml version="1.0" encoding="UTF-8"?>
<!-- Generated by org.testng.reporters.JUnitReportReporter -->
<testsuite hostname="LAPTOP-SJL4OQ96" failures="0" tests="7" name="com.api.auto.testcase.TC_API_Login" time="0.065" errors="0" timestamp="2023-06-17T09:17:28 ICT" skipped="0">
  <testcase classname="com.api.auto.testcase.TC_API_Login" name="saveToken" time="0.003"/>
  <system-out/>
  <testcase classname="com.api.auto.testcase.TC_API_Login" name="TC01_Validate200Ok" time="0.008"/>
  <system-out/>
  <testcase classname="com.api.auto.testcase.TC_API_Login" name="TC03_MessageContent" time="0.012"/>
  <system-out/>
  <testcase classname="com.api.auto.testcase.TC_API_Login" name="TC02_ValidateMessage" time="0.003"/>
  <system-out/>
  <testcase classname="com.api.auto.testcase.TC_API_Login" name="TC03_ValidateToken" time="0.011"/>
  <system-out/>
  <testcase classname="com.api.auto.testcase.TC_API_Login" name="TC05_ValidateUserType" time="0.013"/>
  <system-out/>
  <testcase classname="com.api.auto.testcase.TC_API_Login" name="TC06_ValidateAccount" time="0.015"/>
  <system-out/>
</testsuite> <!-- com.api.auto.testcase.TC_API_Login -->
